生成启动时间为 2019/10/27 18:31:23。
     1>项目“F:\大三上作业\c++实验课代码\seven\pingfen_finally\pingfen_2\pingfen_2.vcxproj”在节点 2 上(Build 个目标)。
     1>ClCompile:
         E:\vs\VC\bin\CL.exe /c /AI"C:\Program Files (x86)\Reference Assemblies\Microsoft\Framework\.NETFramework\v4.5\\" /AI"C:\Program Files (x86)\Windows Kits\8.1\References\CommonConfiguration\Neutral" /AI"C:\Program Files (x86)\Reference Assemblies\Microsoft\Framework\.NETFramework\v4.5\Facades\\" /Zi /clr:pure /nologo /W3 /WX- /Od /Oy- /D WIN32 /D _DEBUG /D _UNICODE /D UNICODE /EHa /MDd /GS /fp:precise /Zc:wchar_t /Zc:forScope /Yu"stdafx.h" /Fp"Debug\pingfen_2.pch" /Fo"Debug\\" /Fd"Debug\vc120.pdb" /TP /FU"C:\Program Files (x86)\Reference Assemblies\Microsoft\Framework\.NETFramework\v4.5\mscorlib.dll" /FU"C:\Program Files (x86)\Reference Assemblies\Microsoft\Framework\.NETFramework\v4.5\System.Data.dll" /FU"C:\Program Files (x86)\Reference Assemblies\Microsoft\Framework\.NETFramework\v4.5\System.dll" /FU"C:\Program Files (x86)\Reference Assemblies\Microsoft\Framework\.NETFramework\v4.5\System.Drawing.dll" /FU"C:\Program Files (x86)\Reference Assemblies\Microsoft\Framework\.NETFramework\v4.5\System.Windows.Forms.dll" /FU"C:\Program Files (x86)\Reference Assemblies\Microsoft\Framework\.NETFramework\v4.5\System.Xml.dll" /analyze- /errorReport:prompt /clr:nostdlib Start.cpp pingfen_2.cpp
         Start.cpp
         pingfen_2.cpp
         正在生成代码...
       Link:
         E:\vs\VC\bin\link.exe /ERRORREPORT:PROMPT /OUT:"F:\大三上作业\c++实验课代码\seven\pingfen_finally\Debug\pingfen_2.exe" /INCREMENTAL /NOLOGO /ASSEMBLYRESOURCE:Debug\pingfen_2.Award.resources /ASSEMBLYRESOURCE:Debug\pingfen_2.Form1.resources /ASSEMBLYRESOURCE:Debug\pingfen_2.Form_sm1.resources /ASSEMBLYRESOURCE:Debug\pingfen_2.Form_sm2.resources /ASSEMBLYRESOURCE:Debug\pingfen_2.Mark.resources /ASSEMBLYRESOURCE:Debug\pingfen_2.Mark_sm.resources /ASSEMBLYRESOURCE:Debug\pingfen_2.Pubish.resources /ASSEMBLYRESOURCE:Debug\pingfen_2.Publish_sm.resources /ASSEMBLYRESOURCE:Debug\pingfen_2.Rank.resources /ASSEMBLYRESOURCE:Debug\pingfen_2.Score.resources /ASSEMBLYRESOURCE:Debug\pingfen_2.Start.resources /ASSEMBLYRESOURCE:Debug\pingfen_2.Start_sm.resources /MANIFEST /MANIFESTUAC:"level='asInvoker' uiAccess='false'" /manifest:embed /DEBUG /PDB:"F:\大三上作业\c++实验课代码\seven\pingfen_finally\Debug\pingfen_2.pdb" /ASSEMBLYDEBUG /SUBSYSTEM:WINDOWS /TLBID:1 /ENTRY:"main" /DYNAMICBASE /FIXED:NO /NXCOMPAT /MACHINE:X86 Debug\app.res
         Debug\AssemblyInfo.obj
         Debug\Award.obj
         Debug\Form_sm1.obj
         Debug\Form_sm2.obj
         Debug\Mark.obj
         Debug\Mark_sm.obj
         Debug\pingfen_2.obj
         Debug\Pubish.obj
         Debug\Publish_sm.obj
         Debug\Rank.obj
         Debug\Score.obj
         Debug\Start.obj
         Debug\Start_sm.obj
         Debug\stdafx.obj
         Debug\Stu.obj
         "Debug\.NETFramework,Version=v4.5.AssemblyAttributes.obj"
         pingfen_2.vcxproj -> F:\大三上作业\c++实验课代码\seven\pingfen_finally\Debug\pingfen_2.exe
     1>已完成生成项目“F:\大三上作业\c++实验课代码\seven\pingfen_finally\pingfen_2\pingfen_2.vcxproj”(Build 个目标)的操作。

生成成功。

已用时间 00:00:01.00
