生成启动时间为 2019/12/20 21:27:29。
     1>项目“F:\VS2013\程序\严某C++CLI\实验7\EXP7.1.2\Ex_Studata - 副本\Ex_Studata\Ex_Studata.vcxproj”在节点 2 上(Build 个目标)。
     1>ClCompile:
         F:\VS2013\安装目录\VC\bin\CL.exe /c /AI"C:\Program Files (x86)\Reference Assemblies\Microsoft\Framework\.NETFramework\v4.5\\" /AI"C:\Program Files (x86)\Windows Kits\8.1\References\CommonConfiguration\Neutral" /AI"C:\Program Files (x86)\Reference Assemblies\Microsoft\Framework\.NETFramework\v4.5\Facades\\" /Zi /clr:pure /nologo /W3 /WX- /Od /Oy- /D WIN32 /D _DEBUG /D _UNICODE /D UNICODE /EHa /MDd /GS /fp:precise /Zc:wchar_t /Zc:forScope /Yu"stdafx.h" /Fp"Debug\Ex_Studata.pch" /Fo"Debug\\" /Fd"Debug\vc120.pdb" /TP /FU"C:\Program Files (x86)\Reference Assemblies\Microsoft\Framework\.NETFramework\v4.5\mscorlib.dll" /FU"C:\Program Files (x86)\Reference Assemblies\Microsoft\Framework\.NETFramework\v4.5\System.Data.dll" /FU"C:\Program Files (x86)\Reference Assemblies\Microsoft\Framework\.NETFramework\v4.5\System.dll" /FU"C:\Program Files (x86)\Reference Assemblies\Microsoft\Framework\.NETFramework\v4.5\System.Drawing.dll" /FU"C:\Program Files (x86)\Reference Assemblies\Microsoft\Framework\.NETFramework\v4.5\System.Windows.Forms.dll" /FU"C:\Program Files (x86)\Reference Assemblies\Microsoft\Framework\.NETFramework\v4.5\System.Xml.dll" /analyze- /errorReport:prompt /clr:nostdlib Ex_Studata.cpp InputDlg.cpp
         Ex_Studata.cpp
     1>f:\vs2013\程序\严某c++cli\实验7\exp7.1.2\ex_studata - 副本\ex_studata\InputDlg.h(263): warning C4677: “theScore”:  非私有成员的签名包含程序集私有类型“StuScore”
                 f:\vs2013\程序\严某c++cli\实验7\exp7.1.2\ex_studata - 副本\ex_studata\StuScore.h(5) : 参见“StuScore”的声明
     1>f:\vs2013\程序\严某c++cli\实验7\exp7.1.2\ex_studata - 副本\ex_studata\Form1.h(197): error C2065: “InputDlg”: 未声明的标识符
     1>f:\vs2013\程序\严某c++cli\实验7\exp7.1.2\ex_studata - 副本\ex_studata\Form1.h(197): error C2065: “dlg”: 未声明的标识符
     1>f:\vs2013\程序\严某c++cli\实验7\exp7.1.2\ex_studata - 副本\ex_studata\Form1.h(197): error C2061: 语法错误: 标识符“InputDlg”
     1>f:\vs2013\程序\严某c++cli\实验7\exp7.1.2\ex_studata - 副本\ex_studata\Form1.h(198): error C2065: “dlg”: 未声明的标识符
     1>f:\vs2013\程序\严某c++cli\实验7\exp7.1.2\ex_studata - 副本\ex_studata\Form1.h(198): error C2227: “->ShowDialog”的左边必须指向类/结构/联合/泛型类型
                 类型是“unknown-type”
     1>f:\vs2013\程序\严某c++cli\实验7\exp7.1.2\ex_studata - 副本\ex_studata\Form1.h(200): error C2065: “dlg”: 未声明的标识符
     1>f:\vs2013\程序\严某c++cli\实验7\exp7.1.2\ex_studata - 副本\ex_studata\Form1.h(200): error C2227: “->theScore”的左边必须指向类/结构/联合/泛型类型
                 类型是“unknown-type”
     1>f:\vs2013\程序\严某c++cli\实验7\exp7.1.2\ex_studata - 副本\ex_studata\Form1.h(206): error C2065: “dlg”: 未声明的标识符
     1>f:\vs2013\程序\严某c++cli\实验7\exp7.1.2\ex_studata - 副本\ex_studata\Form1.h(206): error C2227: “->textBox1”的左边必须指向类/结构/联合/泛型类型
                 类型是“unknown-type”
     1>f:\vs2013\程序\严某c++cli\实验7\exp7.1.2\ex_studata - 副本\ex_studata\Form1.h(206): error C2227: “->Text”的左边必须指向类/结构/联合/泛型类型
     1>f:\vs2013\程序\严某c++cli\实验7\exp7.1.2\ex_studata - 副本\ex_studata\Form1.h(215): error C2065: “dlg”: 未声明的标识符
     1>f:\vs2013\程序\严某c++cli\实验7\exp7.1.2\ex_studata - 副本\ex_studata\Form1.h(215): error C2227: “->textBox2”的左边必须指向类/结构/联合/泛型类型
                 类型是“unknown-type”
     1>f:\vs2013\程序\严某c++cli\实验7\exp7.1.2\ex_studata - 副本\ex_studata\Form1.h(215): error C2227: “->Text”的左边必须指向类/结构/联合/泛型类型
     1>f:\vs2013\程序\严某c++cli\实验7\exp7.1.2\ex_studata - 副本\ex_studata\Form1.h(222): error C2065: “dlg”: 未声明的标识符
     1>f:\vs2013\程序\严某c++cli\实验7\exp7.1.2\ex_studata - 副本\ex_studata\Form1.h(222): error C2227: “->theScore”的左边必须指向类/结构/联合/泛型类型
                 类型是“unknown-type”
     1>f:\vs2013\程序\严某c++cli\实验7\exp7.1.2\ex_studata - 副本\ex_studata\Form1.h(248): error C2065: “InputDlg”: 未声明的标识符
     1>f:\vs2013\程序\严某c++cli\实验7\exp7.1.2\ex_studata - 副本\ex_studata\Form1.h(248): error C2065: “dlg”: 未声明的标识符
     1>f:\vs2013\程序\严某c++cli\实验7\exp7.1.2\ex_studata - 副本\ex_studata\Form1.h(248): error C2061: 语法错误: 标识符“InputDlg”
     1>f:\vs2013\程序\严某c++cli\实验7\exp7.1.2\ex_studata - 副本\ex_studata\Form1.h(249): error C2065: “dlg”: 未声明的标识符
     1>f:\vs2013\程序\严某c++cli\实验7\exp7.1.2\ex_studata - 副本\ex_studata\Form1.h(249): error C2227: “->theScore”的左边必须指向类/结构/联合/泛型类型
                 类型是“unknown-type”
     1>f:\vs2013\程序\严某c++cli\实验7\exp7.1.2\ex_studata - 副本\ex_studata\Form1.h(250): error C2065: “dlg”: 未声明的标识符
     1>f:\vs2013\程序\严某c++cli\实验7\exp7.1.2\ex_studata - 副本\ex_studata\Form1.h(250): error C2227: “->textBox1”的左边必须指向类/结构/联合/泛型类型
                 类型是“unknown-type”
     1>f:\vs2013\程序\严某c++cli\实验7\exp7.1.2\ex_studata - 副本\ex_studata\Form1.h(250): error C2227: “->Text”的左边必须指向类/结构/联合/泛型类型
     1>f:\vs2013\程序\严某c++cli\实验7\exp7.1.2\ex_studata - 副本\ex_studata\Form1.h(250): error C2227: “->theScore”的左边必须指向类/结构/联合/泛型类型
                 类型是“unknown-type”
     1>f:\vs2013\程序\严某c++cli\实验7\exp7.1.2\ex_studata - 副本\ex_studata\Form1.h(250): error C2227: “->strName”的左边必须指向类/结构/联合/泛型类型
     1>f:\vs2013\程序\严某c++cli\实验7\exp7.1.2\ex_studata - 副本\ex_studata\Form1.h(251): error C2065: “dlg”: 未声明的标识符
     1>f:\vs2013\程序\严某c++cli\实验7\exp7.1.2\ex_studata - 副本\ex_studata\Form1.h(251): error C2227: “->textBox2”的左边必须指向类/结构/联合/泛型类型
                 类型是“unknown-type”
     1>f:\vs2013\程序\严某c++cli\实验7\exp7.1.2\ex_studata - 副本\ex_studata\Form1.h(251): error C2227: “->Text”的左边必须指向类/结构/联合/泛型类型
     1>f:\vs2013\程序\严某c++cli\实验7\exp7.1.2\ex_studata - 副本\ex_studata\Form1.h(251): error C2227: “->theScore”的左边必须指向类/结构/联合/泛型类型
                 类型是“unknown-type”
     1>f:\vs2013\程序\严某c++cli\实验7\exp7.1.2\ex_studata - 副本\ex_studata\Form1.h(251): error C2227: “->strID”的左边必须指向类/结构/联合/泛型类型
     1>f:\vs2013\程序\严某c++cli\实验7\exp7.1.2\ex_studata - 副本\ex_studata\Form1.h(252): error C2065: “dlg”: 未声明的标识符
     1>f:\vs2013\程序\严某c++cli\实验7\exp7.1.2\ex_studata - 副本\ex_studata\Form1.h(252): error C2227: “->numericUpDown1”的左边必须指向类/结构/联合/泛型类型
                 类型是“unknown-type”
     1>f:\vs2013\程序\严某c++cli\实验7\exp7.1.2\ex_studata - 副本\ex_studata\Form1.h(252): error C2227: “->Value”的左边必须指向类/结构/联合/泛型类型
     1>f:\vs2013\程序\严某c++cli\实验7\exp7.1.2\ex_studata - 副本\ex_studata\Form1.h(252): error C2227: “->theScore”的左边必须指向类/结构/联合/泛型类型
                 类型是“unknown-type”
     1>f:\vs2013\程序\严某c++cli\实验7\exp7.1.2\ex_studata - 副本\ex_studata\Form1.h(252): error C2227: “->fScore”的左边必须指向类/结构/联合/泛型类型
     1>f:\vs2013\程序\严某c++cli\实验7\exp7.1.2\ex_studata - 副本\ex_studata\Form1.h(253): error C2065: “dlg”: 未声明的标识符
     1>f:\vs2013\程序\严某c++cli\实验7\exp7.1.2\ex_studata - 副本\ex_studata\Form1.h(253): error C2227: “->numericUpDown2”的左边必须指向类/结构/联合/泛型类型
                 类型是“unknown-type”
     1>f:\vs2013\程序\严某c++cli\实验7\exp7.1.2\ex_studata - 副本\ex_studata\Form1.h(253): error C2227: “->Value”的左边必须指向类/结构/联合/泛型类型
     1>f:\vs2013\程序\严某c++cli\实验7\exp7.1.2\ex_studata - 副本\ex_studata\Form1.h(253): error C2227: “->theScore”的左边必须指向类/结构/联合/泛型类型
                 类型是“unknown-type”
     1>f:\vs2013\程序\严某c++cli\实验7\exp7.1.2\ex_studata - 副本\ex_studata\Form1.h(253): error C2227: “->fScore”的左边必须指向类/结构/联合/泛型类型
     1>f:\vs2013\程序\严某c++cli\实验7\exp7.1.2\ex_studata - 副本\ex_studata\Form1.h(254): error C2065: “dlg”: 未声明的标识符
     1>f:\vs2013\程序\严某c++cli\实验7\exp7.1.2\ex_studata - 副本\ex_studata\Form1.h(254): error C2227: “->numericUpDown3”的左边必须指向类/结构/联合/泛型类型
                 类型是“unknown-type”
     1>f:\vs2013\程序\严某c++cli\实验7\exp7.1.2\ex_studata - 副本\ex_studata\Form1.h(254): error C2227: “->Value”的左边必须指向类/结构/联合/泛型类型
     1>f:\vs2013\程序\严某c++cli\实验7\exp7.1.2\ex_studata - 副本\ex_studata\Form1.h(254): error C2227: “->theScore”的左边必须指向类/结构/联合/泛型类型
                 类型是“unknown-type”
     1>f:\vs2013\程序\严某c++cli\实验7\exp7.1.2\ex_studata - 副本\ex_studata\Form1.h(254): error C2227: “->fScore”的左边必须指向类/结构/联合/泛型类型
     1>f:\vs2013\程序\严某c++cli\实验7\exp7.1.2\ex_studata - 副本\ex_studata\Form1.h(255): error C2065: “dlg”: 未声明的标识符
     1>f:\vs2013\程序\严某c++cli\实验7\exp7.1.2\ex_studata - 副本\ex_studata\Form1.h(255): error C2227: “->ShowDialog”的左边必须指向类/结构/联合/泛型类型
                 类型是“unknown-type”
     1>f:\vs2013\程序\严某c++cli\实验7\exp7.1.2\ex_studata - 副本\ex_studata\Form1.h(260): error C2065: “dlg”: 未声明的标识符
     1>f:\vs2013\程序\严某c++cli\实验7\exp7.1.2\ex_studata - 副本\ex_studata\Form1.h(260): error C2227: “->theScore”的左边必须指向类/结构/联合/泛型类型
                 类型是“unknown-type”
     1>f:\vs2013\程序\严某c++cli\实验7\exp7.1.2\ex_studata - 副本\ex_studata\Form1.h(260): error C2660: “System::Collections::ArrayList::Insert”: 函数不接受 1 个参数
     1>f:\vs2013\程序\严某c++cli\实验7\exp7.1.2\ex_studata - 副本\ex_studata\Form1.h(261): error C2065: “dlg”: 未声明的标识符
     1>f:\vs2013\程序\严某c++cli\实验7\exp7.1.2\ex_studata - 副本\ex_studata\Form1.h(261): error C2227: “->theScore”的左边必须指向类/结构/联合/泛型类型
                 类型是“unknown-type”
     1>f:\vs2013\程序\严某c++cli\实验7\exp7.1.2\ex_studata - 副本\ex_studata\Form1.h(261): error C2227: “->strID”的左边必须指向类/结构/联合/泛型类型
     1>Ex_Studata.cpp(6): error C2871: “Ex_Studata”: 具有该名称的命名空间不存在
         InputDlg.cpp
     1>f:\vs2013\程序\严某c++cli\实验7\exp7.1.2\ex_studata - 副本\ex_studata\Form1.h(197): error C2065: “InputDlg”: 未声明的标识符
     1>f:\vs2013\程序\严某c++cli\实验7\exp7.1.2\ex_studata - 副本\ex_studata\Form1.h(197): error C2065: “dlg”: 未声明的标识符
     1>f:\vs2013\程序\严某c++cli\实验7\exp7.1.2\ex_studata - 副本\ex_studata\Form1.h(197): error C2061: 语法错误: 标识符“InputDlg”
     1>f:\vs2013\程序\严某c++cli\实验7\exp7.1.2\ex_studata - 副本\ex_studata\Form1.h(198): error C2065: “dlg”: 未声明的标识符
     1>f:\vs2013\程序\严某c++cli\实验7\exp7.1.2\ex_studata - 副本\ex_studata\Form1.h(198): error C2227: “->ShowDialog”的左边必须指向类/结构/联合/泛型类型
                 类型是“unknown-type”
     1>f:\vs2013\程序\严某c++cli\实验7\exp7.1.2\ex_studata - 副本\ex_studata\Form1.h(200): error C2065: “dlg”: 未声明的标识符
     1>f:\vs2013\程序\严某c++cli\实验7\exp7.1.2\ex_studata - 副本\ex_studata\Form1.h(200): error C2227: “->theScore”的左边必须指向类/结构/联合/泛型类型
                 类型是“unknown-type”
     1>f:\vs2013\程序\严某c++cli\实验7\exp7.1.2\ex_studata - 副本\ex_studata\Form1.h(206): error C2065: “dlg”: 未声明的标识符
     1>f:\vs2013\程序\严某c++cli\实验7\exp7.1.2\ex_studata - 副本\ex_studata\Form1.h(206): error C2227: “->textBox1”的左边必须指向类/结构/联合/泛型类型
                 类型是“unknown-type”
     1>f:\vs2013\程序\严某c++cli\实验7\exp7.1.2\ex_studata - 副本\ex_studata\Form1.h(206): error C2227: “->Text”的左边必须指向类/结构/联合/泛型类型
     1>f:\vs2013\程序\严某c++cli\实验7\exp7.1.2\ex_studata - 副本\ex_studata\Form1.h(215): error C2065: “dlg”: 未声明的标识符
     1>f:\vs2013\程序\严某c++cli\实验7\exp7.1.2\ex_studata - 副本\ex_studata\Form1.h(215): error C2227: “->textBox2”的左边必须指向类/结构/联合/泛型类型
                 类型是“unknown-type”
     1>f:\vs2013\程序\严某c++cli\实验7\exp7.1.2\ex_studata - 副本\ex_studata\Form1.h(215): error C2227: “->Text”的左边必须指向类/结构/联合/泛型类型
     1>f:\vs2013\程序\严某c++cli\实验7\exp7.1.2\ex_studata - 副本\ex_studata\Form1.h(222): error C2065: “dlg”: 未声明的标识符
     1>f:\vs2013\程序\严某c++cli\实验7\exp7.1.2\ex_studata - 副本\ex_studata\Form1.h(222): error C2227: “->theScore”的左边必须指向类/结构/联合/泛型类型
                 类型是“unknown-type”
     1>f:\vs2013\程序\严某c++cli\实验7\exp7.1.2\ex_studata - 副本\ex_studata\Form1.h(248): error C2065: “InputDlg”: 未声明的标识符
     1>f:\vs2013\程序\严某c++cli\实验7\exp7.1.2\ex_studata - 副本\ex_studata\Form1.h(248): error C2065: “dlg”: 未声明的标识符
     1>f:\vs2013\程序\严某c++cli\实验7\exp7.1.2\ex_studata - 副本\ex_studata\Form1.h(248): error C2061: 语法错误: 标识符“InputDlg”
     1>f:\vs2013\程序\严某c++cli\实验7\exp7.1.2\ex_studata - 副本\ex_studata\Form1.h(249): error C2065: “dlg”: 未声明的标识符
     1>f:\vs2013\程序\严某c++cli\实验7\exp7.1.2\ex_studata - 副本\ex_studata\Form1.h(249): error C2227: “->theScore”的左边必须指向类/结构/联合/泛型类型
                 类型是“unknown-type”
     1>f:\vs2013\程序\严某c++cli\实验7\exp7.1.2\ex_studata - 副本\ex_studata\Form1.h(250): error C2065: “dlg”: 未声明的标识符
     1>f:\vs2013\程序\严某c++cli\实验7\exp7.1.2\ex_studata - 副本\ex_studata\Form1.h(250): error C2227: “->textBox1”的左边必须指向类/结构/联合/泛型类型
                 类型是“unknown-type”
     1>f:\vs2013\程序\严某c++cli\实验7\exp7.1.2\ex_studata - 副本\ex_studata\Form1.h(250): error C2227: “->Text”的左边必须指向类/结构/联合/泛型类型
     1>f:\vs2013\程序\严某c++cli\实验7\exp7.1.2\ex_studata - 副本\ex_studata\Form1.h(250): error C2227: “->theScore”的左边必须指向类/结构/联合/泛型类型
                 类型是“unknown-type”
     1>f:\vs2013\程序\严某c++cli\实验7\exp7.1.2\ex_studata - 副本\ex_studata\Form1.h(250): error C2227: “->strName”的左边必须指向类/结构/联合/泛型类型
     1>f:\vs2013\程序\严某c++cli\实验7\exp7.1.2\ex_studata - 副本\ex_studata\Form1.h(251): error C2065: “dlg”: 未声明的标识符
     1>f:\vs2013\程序\严某c++cli\实验7\exp7.1.2\ex_studata - 副本\ex_studata\Form1.h(251): error C2227: “->textBox2”的左边必须指向类/结构/联合/泛型类型
                 类型是“unknown-type”
     1>f:\vs2013\程序\严某c++cli\实验7\exp7.1.2\ex_studata - 副本\ex_studata\Form1.h(251): error C2227: “->Text”的左边必须指向类/结构/联合/泛型类型
     1>f:\vs2013\程序\严某c++cli\实验7\exp7.1.2\ex_studata - 副本\ex_studata\Form1.h(251): error C2227: “->theScore”的左边必须指向类/结构/联合/泛型类型
                 类型是“unknown-type”
     1>f:\vs2013\程序\严某c++cli\实验7\exp7.1.2\ex_studata - 副本\ex_studata\Form1.h(251): error C2227: “->strID”的左边必须指向类/结构/联合/泛型类型
     1>f:\vs2013\程序\严某c++cli\实验7\exp7.1.2\ex_studata - 副本\ex_studata\Form1.h(252): error C2065: “dlg”: 未声明的标识符
     1>f:\vs2013\程序\严某c++cli\实验7\exp7.1.2\ex_studata - 副本\ex_studata\Form1.h(252): error C2227: “->numericUpDown1”的左边必须指向类/结构/联合/泛型类型
                 类型是“unknown-type”
     1>f:\vs2013\程序\严某c++cli\实验7\exp7.1.2\ex_studata - 副本\ex_studata\Form1.h(252): error C2227: “->Value”的左边必须指向类/结构/联合/泛型类型
     1>f:\vs2013\程序\严某c++cli\实验7\exp7.1.2\ex_studata - 副本\ex_studata\Form1.h(252): error C2227: “->theScore”的左边必须指向类/结构/联合/泛型类型
                 类型是“unknown-type”
     1>f:\vs2013\程序\严某c++cli\实验7\exp7.1.2\ex_studata - 副本\ex_studata\Form1.h(252): error C2227: “->fScore”的左边必须指向类/结构/联合/泛型类型
     1>f:\vs2013\程序\严某c++cli\实验7\exp7.1.2\ex_studata - 副本\ex_studata\Form1.h(253): error C2065: “dlg”: 未声明的标识符
     1>f:\vs2013\程序\严某c++cli\实验7\exp7.1.2\ex_studata - 副本\ex_studata\Form1.h(253): error C2227: “->numericUpDown2”的左边必须指向类/结构/联合/泛型类型
                 类型是“unknown-type”
     1>f:\vs2013\程序\严某c++cli\实验7\exp7.1.2\ex_studata - 副本\ex_studata\Form1.h(253): error C2227: “->Value”的左边必须指向类/结构/联合/泛型类型
     1>f:\vs2013\程序\严某c++cli\实验7\exp7.1.2\ex_studata - 副本\ex_studata\Form1.h(253): error C2227: “->theScore”的左边必须指向类/结构/联合/泛型类型
                 类型是“unknown-type”
     1>f:\vs2013\程序\严某c++cli\实验7\exp7.1.2\ex_studata - 副本\ex_studata\Form1.h(253): error C2227: “->fScore”的左边必须指向类/结构/联合/泛型类型
     1>f:\vs2013\程序\严某c++cli\实验7\exp7.1.2\ex_studata - 副本\ex_studata\Form1.h(254): error C2065: “dlg”: 未声明的标识符
     1>f:\vs2013\程序\严某c++cli\实验7\exp7.1.2\ex_studata - 副本\ex_studata\Form1.h(254): error C2227: “->numericUpDown3”的左边必须指向类/结构/联合/泛型类型
                 类型是“unknown-type”
     1>f:\vs2013\程序\严某c++cli\实验7\exp7.1.2\ex_studata - 副本\ex_studata\Form1.h(254): error C2227: “->Value”的左边必须指向类/结构/联合/泛型类型
     1>f:\vs2013\程序\严某c++cli\实验7\exp7.1.2\ex_studata - 副本\ex_studata\Form1.h(254): error C2227: “->theScore”的左边必须指向类/结构/联合/泛型类型
                 类型是“unknown-type”
     1>f:\vs2013\程序\严某c++cli\实验7\exp7.1.2\ex_studata - 副本\ex_studata\Form1.h(254): error C2227: “->fScore”的左边必须指向类/结构/联合/泛型类型
     1>f:\vs2013\程序\严某c++cli\实验7\exp7.1.2\ex_studata - 副本\ex_studata\Form1.h(255): error C2065: “dlg”: 未声明的标识符
     1>f:\vs2013\程序\严某c++cli\实验7\exp7.1.2\ex_studata - 副本\ex_studata\Form1.h(255): error C2227: “->ShowDialog”的左边必须指向类/结构/联合/泛型类型
                 类型是“unknown-type”
     1>f:\vs2013\程序\严某c++cli\实验7\exp7.1.2\ex_studata - 副本\ex_studata\Form1.h(260): error C2065: “dlg”: 未声明的标识符
     1>f:\vs2013\程序\严某c++cli\实验7\exp7.1.2\ex_studata - 副本\ex_studata\Form1.h(260): error C2227: “->theScore”的左边必须指向类/结构/联合/泛型类型
                 类型是“unknown-type”
     1>f:\vs2013\程序\严某c++cli\实验7\exp7.1.2\ex_studata - 副本\ex_studata\Form1.h(260): error C2660: “System::Collections::ArrayList::Insert”: 函数不接受 1 个参数
     1>f:\vs2013\程序\严某c++cli\实验7\exp7.1.2\ex_studata - 副本\ex_studata\Form1.h(261): error C2065: “dlg”: 未声明的标识符
     1>f:\vs2013\程序\严某c++cli\实验7\exp7.1.2\ex_studata - 副本\ex_studata\Form1.h(261): error C2227: “->theScore”的左边必须指向类/结构/联合/泛型类型
                 类型是“unknown-type”
     1>f:\vs2013\程序\严某c++cli\实验7\exp7.1.2\ex_studata - 副本\ex_studata\Form1.h(261): error C2227: “->strID”的左边必须指向类/结构/联合/泛型类型
     1>f:\vs2013\程序\严某c++cli\实验7\exp7.1.2\ex_studata - 副本\ex_studata\InputDlg.h(263): warning C4677: “theScore”:  非私有成员的签名包含程序集私有类型“StuScore”
                 f:\vs2013\程序\严某c++cli\实验7\exp7.1.2\ex_studata - 副本\ex_studata\StuScore.h(5) : 参见“StuScore”的声明
         正在生成代码...
     1>已完成生成项目“F:\VS2013\程序\严某C++CLI\实验7\EXP7.1.2\Ex_Studata - 副本\Ex_Studata\Ex_Studata.vcxproj”(Build 个目标)的操作 - 失败。

生成失败。

已用时间 00:00:00.37
