e:\vc++\小组项目三\下位机\project3-1\project3-1\debug\project3-1.pch
e:\vc++\小组项目三\下位机\project3-1\project3-1\debug\vc120.pdb
e:\vc++\小组项目三\下位机\project3-1\project3-1\debug\stdafx.obj
e:\vc++\小组项目三\下位机\project3-1\project3-1\debug\project3-1.obj
e:\vc++\小组项目三\下位机\project3-1\project3-1\debug\assemblyinfo.obj
e:\vc++\小组项目三\下位机\project3-1\project3-1\debug\.netframework,version=v4.5.assemblyattributes.obj
e:\vc++\小组项目三\下位机\project3-1\debug\project3-1.exe
e:\vc++\小组项目三\下位机\project3-1\debug\project3-1.pdb
e:\vc++\小组项目三\下位机\project3-1\project3-1\debug\project31.form1.resources
e:\vc++\小组项目三\下位机\project3-1\project3-1\debug\app.res
e:\vc++\小组项目三\下位机\project3-1\project3-1\debug\project3-1.vcxproj.generateresource.cache
e:\vc++\小组项目三\下位机\project3-1\project3-1\debug\project3-1.vcxprojresolveassemblyreference.cache
e:\vc++\小组项目三\下位机\project3-1\project3-1\debug\project3-1.tlog\cl.command.1.tlog
e:\vc++\小组项目三\下位机\project3-1\project3-1\debug\project3-1.tlog\cl.read.1.tlog
e:\vc++\小组项目三\下位机\project3-1\project3-1\debug\project3-1.tlog\cl.write.1.tlog
e:\vc++\小组项目三\下位机\project3-1\project3-1\debug\project3-1.tlog\link.command.1.tlog
e:\vc++\小组项目三\下位机\project3-1\project3-1\debug\project3-1.tlog\link.read.1.tlog
e:\vc++\小组项目三\下位机\project3-1\project3-1\debug\project3-1.tlog\link.write.1.tlog
e:\vc++\小组项目三\下位机\project3-1\project3-1\debug\project3-1.tlog\metagen.read.1.tlog
e:\vc++\小组项目三\下位机\project3-1\project3-1\debug\project3-1.tlog\metagen.write.1.tlog
e:\vc++\小组项目三\下位机\project3-1\project3-1\debug\project3-1.tlog\project3-1.write.1u.tlog
e:\vc++\小组项目三\下位机\project3-1\project3-1\debug\project3-1.tlog\rc.command.1.tlog
e:\vc++\小组项目三\下位机\project3-1\project3-1\debug\project3-1.tlog\rc.read.1.tlog
e:\vc++\小组项目三\下位机\project3-1\project3-1\debug\project3-1.tlog\rc.write.1.tlog
e:\vc++\小组项目三\下位机\project3-1\project3-1\debug\project3-1.tlog\tzres.dll.bi
