生成启动时间为 2019/10/26 17:57:41。
     1>项目“F:\VS2013\程序\严某C++CLI\小组项目二-评分系统\MyProject\pingfen_2\pingfen_2\pingfen_2.vcxproj”在节点 2 上(Build 个目标)。
     1>ClCompile:
         F:\VS2013\安装目录\VC\bin\CL.exe /c /AI"C:\Program Files (x86)\Reference Assemblies\Microsoft\Framework\.NETFramework\v4.5\\" /AI"C:\Program Files (x86)\Windows Kits\8.1\References\CommonConfiguration\Neutral" /AI"C:\Program Files (x86)\Reference Assemblies\Microsoft\Framework\.NETFramework\v4.5\Facades\\" /Zi /clr:pure /nologo /W3 /WX- /Od /Oy- /D WIN32 /D _DEBUG /D _UNICODE /D UNICODE /EHa /MDd /GS /fp:precise /Zc:wchar_t /Zc:forScope /Yu"stdafx.h" /Fp"Debug\pingfen_2.pch" /Fo"Debug\\" /Fd"Debug\vc120.pdb" /TP /FU"C:\Program Files (x86)\Reference Assemblies\Microsoft\Framework\.NETFramework\v4.5\mscorlib.dll" /FU"C:\Program Files (x86)\Reference Assemblies\Microsoft\Framework\.NETFramework\v4.5\System.Data.dll" /FU"C:\Program Files (x86)\Reference Assemblies\Microsoft\Framework\.NETFramework\v4.5\System.dll" /FU"C:\Program Files (x86)\Reference Assemblies\Microsoft\Framework\.NETFramework\v4.5\System.Drawing.dll" /FU"C:\Program Files (x86)\Reference Assemblies\Microsoft\Framework\.NETFramework\v4.5\System.Windows.Forms.dll" /FU"C:\Program Files (x86)\Reference Assemblies\Microsoft\Framework\.NETFramework\v4.5\System.Xml.dll" /analyze- /errorReport:prompt /clr:nostdlib pingfen_2.cpp
         pingfen_2.cpp
       Link:
         F:\VS2013\安装目录\VC\bin\link.exe /ERRORREPORT:PROMPT /OUT:"F:\VS2013\程序\严某C++CLI\小组项目二-评分系统\MyProject\pingfen_2\Debug\pingfen_2.exe" /INCREMENTAL /NOLOGO /ASSEMBLYRESOURCE:Debug\pingfen_2.Award.resources /ASSEMBLYRESOURCE:Debug\pingfen_2.Form1.resources /ASSEMBLYRESOURCE:Debug\pingfen_2.Mark.resources /ASSEMBLYRESOURCE:Debug\pingfen_2.Pubish.resources /ASSEMBLYRESOURCE:Debug\pingfen_2.Rank.resources /ASSEMBLYRESOURCE:Debug\pingfen_2.Score.resources /ASSEMBLYRESOURCE:Debug\pingfen_2.Start.resources /MANIFEST /MANIFESTUAC:"level='asInvoker' uiAccess='false'" /manifest:embed /DEBUG /PDB:"F:\VS2013\程序\严某C++CLI\小组项目二-评分系统\MyProject\pingfen_2\Debug\pingfen_2.pdb" /ASSEMBLYDEBUG /SUBSYSTEM:WINDOWS /TLBID:1 /ENTRY:"main" /DYNAMICBASE /FIXED:NO /NXCOMPAT /MACHINE:X86 Debug\app.res
         Debug\AssemblyInfo.obj
         Debug\Award.obj
         Debug\Mark.obj
         Debug\pingfen_2.obj
         Debug\Pubish.obj
         Debug\Rank.obj
         Debug\Score.obj
         Debug\Start.obj
         Debug\stdafx.obj
         Debug\Stu.obj
         "Debug\.NETFramework,Version=v4.5.AssemblyAttributes.obj"
         pingfen_2.vcxproj -> F:\VS2013\程序\严某C++CLI\小组项目二-评分系统\MyProject\pingfen_2\Debug\pingfen_2.exe
     1>已完成生成项目“F:\VS2013\程序\严某C++CLI\小组项目二-评分系统\MyProject\pingfen_2\pingfen_2\pingfen_2.vcxproj”(Build 个目标)的操作。

生成成功。

已用时间 00:00:00.75
