生成启动时间为 2019/11/10 18:55:28。
     1>项目“F:\VS2013\程序\严某C++CLI\实验10\EXP2\EXP2\EXP2.vcxproj”在节点 2 上(Build 个目标)。
     1>ClCompile:
         F:\VS2013\安装目录\VC\bin\CL.exe /c /AI"C:\Program Files (x86)\Reference Assemblies\Microsoft\Framework\.NETFramework\v4.5\\" /AI"C:\Program Files (x86)\Windows Kits\8.1\References\CommonConfiguration\Neutral" /AI"C:\Program Files (x86)\Reference Assemblies\Microsoft\Framework\.NETFramework\v4.5\Facades\\" /Zi /clr:pure /nologo /W3 /WX- /Od /Oy- /D WIN32 /D _DEBUG /D _UNICODE /D UNICODE /EHa /MDd /GS /fp:precise /Zc:wchar_t /Zc:forScope /Yu"stdafx.h" /Fp"Debug\EXP2.pch" /Fo"Debug\\" /Fd"Debug\vc120.pdb" /TP /FU"C:\Program Files (x86)\Reference Assemblies\Microsoft\Framework\.NETFramework\v4.5\mscorlib.dll" /FU"C:\Program Files (x86)\Reference Assemblies\Microsoft\Framework\.NETFramework\v4.5\System.Data.dll" /FU"C:\Program Files (x86)\Reference Assemblies\Microsoft\Framework\.NETFramework\v4.5\System.dll" /FU"C:\Program Files (x86)\Reference Assemblies\Microsoft\Framework\.NETFramework\v4.5\System.Drawing.dll" /FU"C:\Program Files (x86)\Reference Assemblies\Microsoft\Framework\.NETFramework\v4.5\System.Windows.Forms.dll" /FU"C:\Program Files (x86)\Reference Assemblies\Microsoft\Framework\.NETFramework\v4.5\System.Xml.dll" /analyze- /errorReport:prompt /clr:nostdlib EXP2.cpp
         EXP2.cpp
     1>f:\vs2013\程序\严某c++cli\实验10\exp2\exp2\Note.h(459): warning C4101: “e”: 未引用的局部变量
     1>f:\vs2013\程序\严某c++cli\实验10\exp2\exp2\Note.h(487): warning C4101: “e”: 未引用的局部变量
     1>f:\vs2013\程序\严某c++cli\实验10\exp2\exp2\Form1.h(409): warning C4101: “e”: 未引用的局部变量
       Link:
         F:\VS2013\安装目录\VC\bin\link.exe /ERRORREPORT:PROMPT /OUT:"F:\VS2013\程序\严某C++CLI\实验10\EXP2\Debug\EXP2.exe" /INCREMENTAL /NOLOGO /ASSEMBLYRESOURCE:Debug\EXP2.AboutDlg.resources /ASSEMBLYRESOURCE:Debug\EXP2.Form1.resources /ASSEMBLYRESOURCE:Debug\EXP2.Note.resources /ASSEMBLYRESOURCE:Debug\EXP2.WinMess.resources /MANIFEST /MANIFESTUAC:"level='asInvoker' uiAccess='false'" /manifest:embed /DEBUG /PDB:"F:\VS2013\程序\严某C++CLI\实验10\EXP2\Debug\EXP2.pdb" /ASSEMBLYDEBUG /SUBSYSTEM:WINDOWS /TLBID:1 /ENTRY:"main" /DYNAMICBASE /FIXED:NO /NXCOMPAT /MACHINE:X86 Debug\app.res
         Debug\AboutDlg.obj
         Debug\AssemblyInfo.obj
         Debug\EXP2.obj
         Debug\Note.obj
         Debug\stdafx.obj
         Debug\WinMess.obj
         "Debug\.NETFramework,Version=v4.5.AssemblyAttributes.obj"
         EXP2.vcxproj -> F:\VS2013\程序\严某C++CLI\实验10\EXP2\Debug\EXP2.exe
     1>已完成生成项目“F:\VS2013\程序\严某C++CLI\实验10\EXP2\EXP2\EXP2.vcxproj”(Build 个目标)的操作。

生成成功。

已用时间 00:00:00.90
