生成启动时间为 2019/12/17 22:08:53。
     1>项目“F:\VS2013\程序\严某C++CLI\实验8\学生成绩管理\学生成绩管理\学生成绩管理.vcxproj”在节点 2 上(Build 个目标)。
     1>ClCompile:
         F:\VS2013\安装目录\VC\bin\CL.exe /c /AI"C:\Program Files (x86)\Reference Assemblies\Microsoft\Framework\.NETFramework\v4.5\\" /AI"C:\Program Files (x86)\Windows Kits\8.1\References\CommonConfiguration\Neutral" /AI"C:\Program Files (x86)\Reference Assemblies\Microsoft\Framework\.NETFramework\v4.5\Facades\\" /Zi /clr:pure /nologo /W3 /WX- /Od /Oy- /D WIN32 /D _DEBUG /D _UNICODE /D UNICODE /EHa /MDd /GS /fp:precise /Zc:wchar_t /Zc:forScope /Yc"stdafx.h" /Fp"Debug\学生成绩管理.pch" /Fo"Debug\\" /Fd"Debug\vc120.pdb" /TP /FU"C:\Program Files (x86)\Reference Assemblies\Microsoft\Framework\.NETFramework\v4.5\mscorlib.dll" /FU"C:\Program Files (x86)\Reference Assemblies\Microsoft\Framework\.NETFramework\v4.5\System.Data.dll" /FU"C:\Program Files (x86)\Reference Assemblies\Microsoft\Framework\.NETFramework\v4.5\System.dll" /FU"C:\Program Files (x86)\Reference Assemblies\Microsoft\Framework\.NETFramework\v4.5\System.Drawing.dll" /FU"C:\Program Files (x86)\Reference Assemblies\Microsoft\Framework\.NETFramework\v4.5\System.Windows.Forms.dll" /FU"C:\Program Files (x86)\Reference Assemblies\Microsoft\Framework\.NETFramework\v4.5\System.Xml.dll" /analyze- /errorReport:prompt /clr:nostdlib stdafx.cpp
         stdafx.cpp
         F:\VS2013\安装目录\VC\bin\CL.exe /c /AI"C:\Program Files (x86)\Reference Assemblies\Microsoft\Framework\.NETFramework\v4.5\\" /AI"C:\Program Files (x86)\Windows Kits\8.1\References\CommonConfiguration\Neutral" /AI"C:\Program Files (x86)\Reference Assemblies\Microsoft\Framework\.NETFramework\v4.5\Facades\\" /Zi /clr:pure /nologo /W3 /WX- /Od /Oy- /D WIN32 /D _DEBUG /D _UNICODE /D UNICODE /EHa /MDd /GS /fp:precise /Zc:wchar_t /Zc:forScope /Yu"stdafx.h" /Fp"Debug\学生成绩管理.pch" /Fo"Debug\\" /Fd"Debug\vc120.pdb" /TP /FU"C:\Program Files (x86)\Reference Assemblies\Microsoft\Framework\.NETFramework\v4.5\mscorlib.dll" /FU"C:\Program Files (x86)\Reference Assemblies\Microsoft\Framework\.NETFramework\v4.5\System.Data.dll" /FU"C:\Program Files (x86)\Reference Assemblies\Microsoft\Framework\.NETFramework\v4.5\System.dll" /FU"C:\Program Files (x86)\Reference Assemblies\Microsoft\Framework\.NETFramework\v4.5\System.Drawing.dll" /FU"C:\Program Files (x86)\Reference Assemblies\Microsoft\Framework\.NETFramework\v4.5\System.Windows.Forms.dll" /FU"C:\Program Files (x86)\Reference Assemblies\Microsoft\Framework\.NETFramework\v4.5\System.Xml.dll" /analyze- /errorReport:prompt /clr:nostdlib "..\..\..\实验7\EXP7.1.2\Ex_Studata\Ex_Studata\InputDlg.cpp" "..\..\..\实验7\EXP7.1.2\Ex_Studata\Ex_Studata\StuScore.cpp" AssemblyInfo.cpp "学生成绩管理.cpp"
         InputDlg.cpp
     1>c1xx : fatal error C1083: 无法打开源文件: “..\..\..\实验7\EXP7.1.2\Ex_Studata\Ex_Studata\InputDlg.cpp”: No such file or directory
         StuScore.cpp
     1>c1xx : fatal error C1083: 无法打开源文件: “..\..\..\实验7\EXP7.1.2\Ex_Studata\Ex_Studata\StuScore.cpp”: No such file or directory
         AssemblyInfo.cpp
     1>AssemblyInfo.cpp(40): warning C4947: “RequestMinimum”: 标记为已过时
                 消息: “Assembly level declarative security is obsolete and is no longer enforced by the CLR by default. See http://go.microsoft.com/fwlink/?LinkID=155570 for more information.”
         学生成绩管理.cpp
     1>f:\vs2013\程序\严某c++cli\实验8\学生成绩管理\学生成绩管理\InputDlg.h(262): warning C4677: “theScore”:  非私有成员的签名包含程序集私有类型“StuScore”
                 f:\vs2013\程序\严某c++cli\实验8\学生成绩管理\学生成绩管理\StuScore.h(5) : 参见“StuScore”的声明
         正在生成代码...
     1>已完成生成项目“F:\VS2013\程序\严某C++CLI\实验8\学生成绩管理\学生成绩管理\学生成绩管理.vcxproj”(Build 个目标)的操作 - 失败。

生成失败。

已用时间 00:00:00.81
